<?xml version="1.0" encoding="UTF-8"?>
<!-- Generated by org.testng.reporters.JUnitXMLReporter -->
<testsuite hostname="Ciarán-PC" ignored="0" name="CRUK Donation Tests" tests="2" failures="0" timestamp="2021-11-19T19:30:14 GMT" time="44.547" errors="0">
  <testcase name="runScenario" time="26.461" classname="io.cucumber.testng.AbstractTestNGCucumberTests"/>
  <testcase name="runScenario" time="16.003" classname="io.cucumber.testng.AbstractTestNGCucumberTests"/>
</testsuite> <!-- CRUK Donation Tests -->
