<?xml version="1.0" encoding="UTF-8"?>
<!-- Generated by org.testng.reporters.JUnitReportReporter -->
<testsuite skipped="0" hostname="Ciarán-PC" name="CRUK.test.testRunner" tests="2" failures="0" timestamp="2021-11-19T19:30:14 GMT" time="42.464" errors="0">
  <testcase name="runScenario" time="26.461" classname="CRUK.test.testRunner"/>
  <system-out/>
  <testcase name="runScenario" time="16.003" classname="CRUK.test.testRunner"/>
  <system-out/>
</testsuite> <!-- CRUK.test.testRunner -->
